<?xml version="1.0" encoding="UTF-8"?>
<testng-results ignored="0" total="1" passed="1" failed="0" skipped="0">
  <reporter-output>
  </reporter-output>
  <suite started-at="2023-01-24T15:53:29 CET" name="Suite1" finished-at="2023-01-24T15:53:38 CET" duration-ms="8658">
    <groups>
    </groups>
    <test started-at="2023-01-24T15:53:29 CET" name="Test1" finished-at="2023-01-24T15:53:38 CET" duration-ms="8658">
      <class name="test.selenium_TestNG">
        <test-method is-config="true" signature="setup()[pri:0, instance:test.selenium_TestNG@2788d0fe]" started-at="2023-01-24T15:53:29 CET" name="setup" finished-at="2023-01-24T15:53:29 CET" duration-ms="20" status="PASS">
          <reporter-output>
          </reporter-output>
        </test-method> <!-- setup -->
        <test-method signature="test()[pri:0, instance:test.selenium_TestNG@2788d0fe]" started-at="2023-01-24T15:53:29 CET" name="test" finished-at="2023-01-24T15:53:38 CET" duration-ms="8553" status="PASS">
          <reporter-output>
          </reporter-output>
        </test-method> <!-- test -->
      </class> <!-- test.selenium_TestNG -->
    </test> <!-- Test1 -->
  </suite> <!-- Suite1 -->
</testng-results>
